<?xml version="1.0" encoding="UTF-8"?>
<!-- Generated by org.testng.reporters.JUnitXMLReporter -->
<testsuite hostname="Desktop-Piyush" ignored="0" name="Test 1" tests="8" failures="0" timestamp="25 Mar 2020 05:07:53 GMT" time="216.077" errors="0">
  <testcase name="SandBox" time="0.163" classname="tests.RegistrationTest"/>
  <testcase name="Register_ValidUserValidPass" time="1.275" classname="tests.RegistrationTest"/>
  <testcase name="SetPassword" time="76.347" classname="tests.RegistrationTest"/>
  <testcase name="login_ValidUserValidPass" time="6.023" classname="tests.CreateProject_TestScenario1"/>
  <testcase name="NewProject" time="22.735" classname="tests.CreateProject_TestScenario1"/>
  <testcase name="ProjectName" time="3.394" classname="tests.CreateProject_TestScenario1"/>
  <testcase name="UserStory" time="18.946" classname="tests.CreateProject_TestScenario1"/>
  <testcase name="TestCase" time="58.344" classname="tests.CreateProject_TestScenario1"/>
</testsuite> <!-- Test 1 -->
