<?xml version="1.0" encoding="UTF-8"?>
<!-- Generated by org.testng.reporters.JUnitXMLReporter -->
<testsuite hostname="Desktop-Piyush" ignored="0" name="Test" tests="29" failures="0" timestamp="25 Mar 2020 07:11:30 GMT" time="425.444" errors="0">
  <testcase name="SandBox" time="0.203" classname="tests.RegistrationTest"/>
  <testcase name="Register_ValidUserValidPass" time="1.26" classname="tests.RegistrationTest"/>
  <testcase name="SetPassword" time="16.135" classname="tests.RegistrationTest"/>
  <testcase name="login_ValidUserValidPass" time="5.751" classname="tests.CreateProject_TestScenario1"/>
  <testcase name="NewProject" time="22.66" classname="tests.CreateProject_TestScenario1"/>
  <testcase name="ProjectName" time="3.393" classname="tests.CreateProject_TestScenario1"/>
  <testcase name="UserStory" time="17.175" classname="tests.CreateProject_TestScenario1"/>
  <testcase name="login_ValidUserValidPass" time="10.599" classname="tests.CreateXrayProject_TestScenario2"/>
  <testcase name="CreateXrayProject" time="16.081" classname="tests.CreateXrayProject_TestScenario2"/>
  <testcase name="ProjectName" time="3.467" classname="tests.CreateXrayProject_TestScenario2"/>
  <testcase name="UserStory" time="21.951" classname="tests.CreateXrayProject_TestScenario2"/>
  <testcase name="Plan" time="16.223" classname="tests.CreateXrayProject_TestScenario2"/>
  <testcase name="New_Registration" time="14.234" classname="tests.CreateXrayProject_TestScenario3"/>
  <testcase name="login_ValidUserValidPass" time="3.783" classname="tests.CreateXrayProject_TestScenario3"/>
  <testcase name="CreateXrayProject" time="22.534" classname="tests.CreateXrayProject_TestScenario3"/>
  <testcase name="ProjectName" time="3.345" classname="tests.CreateXrayProject_TestScenario3"/>
  <testcase name="UserStory" time="13.62" classname="tests.CreateXrayProject_TestScenario3"/>
  <testcase name="Task" time="18.725" classname="tests.CreateXrayProject_TestScenario3"/>
  <testcase name="login_ValidUserValidPass" time="10.745" classname="tests.CreateProject_TestScenario4"/>
  <testcase name="NewProject" time="16.157" classname="tests.CreateProject_TestScenario4"/>
  <testcase name="ProjectName" time="3.364" classname="tests.CreateProject_TestScenario4"/>
  <testcase name="UserStory" time="13.058" classname="tests.CreateProject_TestScenario4"/>
  <testcase name="TestCase" time="55.236" classname="tests.CreateProject_TestScenario4"/>
  <testcase name="New_Registration" time="14.937" classname="tests.CreateXrayProject_TestScenario5"/>
  <testcase name="login_ValidUserValidPass" time="3.996" classname="tests.CreateXrayProject_TestScenario5"/>
  <testcase name="CreateXrayProject" time="22.736" classname="tests.CreateXrayProject_TestScenario5"/>
  <testcase name="ProjectName" time="3.372" classname="tests.CreateXrayProject_TestScenario5"/>
  <testcase name="UserStory" time="12.715" classname="tests.CreateXrayProject_TestScenario5"/>
  <testcase name="TestCase" time="21.197" classname="tests.CreateXrayProject_TestScenario5"/>
</testsuite> <!-- Test -->
