<?xml version="1.0" encoding="UTF-8"?>
<testsuite xmlns:xsi="http://www.w3.org/2001/XMLSchema-instance" xsi:noNamespaceSchemaLocation="https://maven.apache.org/surefire/maven-surefire-plugin/xsd/surefire-test-report.xsd" name="TestSuite" time="561.154" tests="29" errors="0" skipped="0" failures="2">
  <properties>
[...]
</properties>
  <testcase name="SandBox" classname="tests.RegistrationTest" time="0.103"/>
  <testcase name="Register_ValidUserValidPass" classname="tests.RegistrationTest" time="1.374"/>
  <testcase name="SetPassword" classname="tests.RegistrationTest" time="70.531"/>
  <testcase name="login_ValidUserValidPass" classname="tests.CreateProject_TestScenario1" time="9.373"/>
  <testcase name="NewProject" classname="tests.CreateProject_TestScenario1" time="22.564"/>
  <testcase name="ProjectName" classname="tests.CreateProject_TestScenario1" time="3.284"/>
  <testcase name="UserStory" classname="tests.CreateProject_TestScenario1" time="26.505"/>
  <testcase name="login_ValidUserValidPass" classname="tests.CreateXrayProject_TestScenario2" time="11.902"/>
  <testcase name="CreateXrayProject" classname="tests.CreateXrayProject_TestScenario2" time="16.19"/>
  <testcase name="ProjectName" classname="tests.CreateXrayProject_TestScenario2" time="3.452"/>
  <testcase name="UserStory" classname="tests.CreateXrayProject_TestScenario2" time="24.337"/>
  <testcase name="Plan" classname="tests.CreateXrayProject_TestScenario2" time="16.402"/>
  <testcase name="New_Registration" classname="tests.CreateXrayProject_TestScenario3" time="61.155"/>
  <testcase name="login_ValidUserValidPass" classname="tests.CreateXrayProject_TestScenario3" time="3.7"/>
  <testcase name="CreateXrayProject" classname="tests.CreateXrayProject_TestScenario3" time="22.78"/>
  <testcase name="ProjectName" classname="tests.CreateXrayProject_TestScenario3" time="3.402"/>
  <testcase name="UserStory" classname="tests.CreateXrayProject_TestScenario3" time="14.432"/>
  <testcase name="Task" classname="tests.CreateXrayProject_TestScenario3" time="19.491"/>
  <testcase name="login_ValidUserValidPass" classname="tests.CreateProject_TestScenario4" time="10.875"/>
  <testcase name="NewProject" classname="tests.CreateProject_TestScenario4" time="16.137"/>
  <testcase name="ProjectName" classname="tests.CreateProject_TestScenario4" time="3.312"/>
  <testcase name="UserStory" classname="tests.CreateProject_TestScenario4" time="25.29"/>
  <testcase name="TestCase" classname="tests.CreateProject_TestScenario4" time="13.31">
    <failure message="element click intercepted: Element &lt;button id=&quot;project-config-actions&quot; class=&quot;aui-button aui-dropdown2-trigger&quot; aria-haspopup=&quot;true&quot; resolved=&quot;&quot; aria-controls=&quot;project-config-actions-list&quot; aria-expanded=&quot;false&quot;&gt;...&lt;/button&gt; is not clickable at point (1279, 80). Other element would receive the click: &lt;div class=&quot;aui-message closeable aui-message-info&quot;&gt;...&lt;/div&gt;&#10;  (Session info: chrome=80.0.3987.149)&#10;Build info: version: &apos;3.141.59&apos;, revision: &apos;e82be7d358&apos;, time: &apos;2018-11-14T08:17:03&apos;&#10;System info: host: &apos;DESKTOP-PIYUSH&apos;, ip: &apos;192.168.137.1&apos;, os.name: &apos;Windows 10&apos;, os.arch: &apos;amd64&apos;, os.version: &apos;10.0&apos;, java.version: &apos;1.8.0_241&apos;&#10;Driver info: org.openqa.selenium.chrome.ChromeDriver&#10;Capabilities {acceptInsecureCerts: false, browserName: chrome, browserVersion: 80.0.3987.149, chrome: {chromedriverVersion: 80.0.3987.16 (320f6526c1632..., userDataDir: C:\Users\piyus\AppData\Loca...}, goog:chromeOptions: {debuggerAddress: localhost:55428}, javascriptEnabled: true, networkConnectionEnabled: false, pageLoadStrategy: normal, platform: WINDOWS, platformName: WINDOWS, proxy: Proxy(), setWindowRect: true, strictFileInteractability: false, timeouts: {implicit: 0, pageLoad: 300000, script: 30000}, unhandledPromptBehavior: dismiss and notify}&#10;Session ID: 207dcde78e2fa780bf5dec3058e6bddc" type="org.openqa.selenium.ElementClickInterceptedException"><![CDATA[org.openqa.selenium.ElementClickInterceptedException: 
element click intercepted: Element <button id="project-config-actions" class="aui-button aui-dropdown2-trigger" aria-haspopup="true" resolved="" aria-controls="project-config-actions-list" aria-expanded="false">...</button> is not clickable at point (1279, 80). Other element would receive the click: <div class="aui-message closeable aui-message-info">...</div>
  (Session info: chrome=80.0.3987.149)
Build info: version: '3.141.59', revision: 'e82be7d358', time: '2018-11-14T08:17:03'
System info: host: 'DESKTOP-PIYUSH', ip: '192.168.137.1', os.name: 'Windows 10', os.arch: 'amd64', os.version: '10.0', java.version: '1.8.0_241'
Driver info: org.openqa.selenium.chrome.ChromeDriver
Capabilities {acceptInsecureCerts: false, browserName: chrome, browserVersion: 80.0.3987.149, chrome: {chromedriverVersion: 80.0.3987.16 (320f6526c1632..., userDataDir: C:\Users\piyus\AppData\Loca...}, goog:chromeOptions: {debuggerAddress: localhost:55428}, javascriptEnabled: true, networkConnectionEnabled: false, pageLoadStrategy: normal, platform: WINDOWS, platformName: WINDOWS, proxy: Proxy(), setWindowRect: true, strictFileInteractability: false, timeouts: {implicit: 0, pageLoad: 300000, script: 30000}, unhandledPromptBehavior: dismiss and notify}
Session ID: 207dcde78e2fa780bf5dec3058e6bddc
	at tests.CreateProject_TestScenario4.TestCase(CreateProject_TestScenario4.java:83)
]]></failure>
    <system-err><![CDATA[[1585088859.266][SEVERE]: Timed out receiving message from renderer: 0.100
[1585088859.430][SEVERE]: Timed out receiving message from renderer: 0.100
[1585088859.532][SEVERE]: Timed out receiving message from renderer: 0.100
[1585088859.633][SEVERE]: Timed out receiving message from renderer: 0.100
[1585088859.734][SEVERE]: Timed out receiving message from renderer: 0.100
[1585088859.836][SEVERE]: Timed out receiving message from renderer: 0.100
[1585088859.937][SEVERE]: Timed out receiving message from renderer: 0.100
[1585088860.038][SEVERE]: Timed out receiving message from renderer: 0.100
[1585088860.141][SEVERE]: Timed out receiving message from renderer: 0.100
[1585088860.246][SEVERE]: Timed out receiving message from renderer: 0.100
[1585088860.349][SEVERE]: Timed out receiving message from renderer: 0.100
[1585088860.451][SEVERE]: Timed out receiving message from renderer: 0.100
[1585088860.552][SEVERE]: Timed out receiving message from renderer: 0.100
[1585088860.754][SEVERE]: Timed out receiving message from renderer: 0.100
[1585088860.948][SEVERE]: Timed out receiving message from renderer: 0.100
[1585088861.050][SEVERE]: Timed out receiving message from renderer: 0.100
[1585088861.151][SEVERE]: Timed out receiving message from renderer: 0.100
[1585088861.252][SEVERE]: Timed out receiving message from renderer: 0.100
[1585088861.353][SEVERE]: Timed out receiving message from renderer: 0.100
[1585088861.455][SEVERE]: Timed out receiving message from renderer: 0.100
[1585088861.559][SEVERE]: Timed out receiving message from renderer: 0.100
[1585088861.662][SEVERE]: Timed out receiving message from renderer: 0.100
[1585088861.764][SEVERE]: Timed out receiving message from renderer: 0.100
[1585088861.866][SEVERE]: Timed out receiving message from renderer: 0.100
[1585088861.967][SEVERE]: Timed out receiving message from renderer: 0.100
[1585088862.068][SEVERE]: Timed out receiving message from renderer: 0.100
[1585088862.169][SEVERE]: Timed out receiving message from renderer: 0.100
[1585088862.271][SEVERE]: Timed out receiving message from renderer: 0.100
[1585088862.774][SEVERE]: Timed out receiving message from renderer: 0.100
]]></system-err>
  </testcase>
  <testcase name="New_Registration" classname="tests.CreateXrayProject_TestScenario5" time="61.077"/>
  <testcase name="login_ValidUserValidPass" classname="tests.CreateXrayProject_TestScenario5" time="3.815"/>
  <testcase name="CreateXrayProject" classname="tests.CreateXrayProject_TestScenario5" time="22.556"/>
  <testcase name="ProjectName" classname="tests.CreateXrayProject_TestScenario5" time="3.355"/>
  <testcase name="UserStory" classname="tests.CreateXrayProject_TestScenario5" time="12.94"/>
  <testcase name="TestCase" classname="tests.CreateXrayProject_TestScenario5" time="12.928">
    <failure message="Keys to send should be a not null CharSequence" type="java.lang.IllegalArgumentException">java.lang.IllegalArgumentException: Keys to send should be a not null CharSequence
	at tests.CreateXrayProject_TestScenario5.TestCase(CreateXrayProject_TestScenario5.java:122)
</failure>
  </testcase>
</testsuite>